<?xml version="1.0" encoding="UTF-8"?>
<testng-results ignored="0" total="2" passed="2" failed="0" skipped="0">
  <reporter-output>
  </reporter-output>
  <suite started-at="2023-07-04T19:24:22 EDT" name="Suite" finished-at="2023-07-04T19:24:31 EDT" duration-ms="8514">
    <groups>
      <group name="cucumber">
        <method signature="AbstractTestNGCucumberTests.runScenario(io.cucumber.testng.PickleWrapper,io.cucumber.testng.FeatureWrapper)[pri:0, instance:com.regrretion.CucumberRunner@ffaa6af]" name="runScenario" class="io.cucumber.testng.AbstractTestNGCucumberTests"/>
      </group> <!-- cucumber -->
    </groups>
    <test started-at="2023-07-04T19:24:22 EDT" name="Test" finished-at="2023-07-04T19:24:31 EDT" duration-ms="8514">
      <class name="com.regrretion.CucumberRunner">
        <test-method is-config="true" signature="setUpClass(org.testng.ITestContext)[pri:0, instance:com.regrretion.CucumberRunner@ffaa6af]" started-at="2023-07-04T19:24:22 EDT" name="setUpClass" finished-at="2023-07-04T19:24:22 EDT" duration-ms="389" status="PASS">
          <params>
            <param index="0">
              <value>
                <![CDATA[org.testng.TestRunner@7885776b]]>
              </value>
            </param>
          </params>
          <reporter-output>
          </reporter-output>
        </test-method> <!-- setUpClass -->
        <test-method signature="runScenario(io.cucumber.testng.PickleWrapper,io.cucumber.testng.FeatureWrapper)[pri:0, instance:com.regrretion.CucumberRunner@ffaa6af]" started-at="2023-07-04T19:24:22 EDT" name="runScenario" description="Runs Cucumber Scenarios" data-provider="scenarios" finished-at="2023-07-04T19:24:26 EDT" duration-ms="3750" status="PASS">
          <params>
            <param index="0">
              <value>
                <![CDATA["Login function with valid credential."]]>
              </value>
            </param>
            <param index="1">
              <value>
                <![CDATA["onlinebanking login feature"]]>
              </value>
            </param>
          </params>
          <reporter-output>
          </reporter-output>
        </test-method> <!-- runScenario -->
        <test-method signature="runScenario(io.cucumber.testng.PickleWrapper,io.cucumber.testng.FeatureWrapper)[pri:0, instance:com.regrretion.CucumberRunner@ffaa6af]" started-at="2023-07-04T19:24:26 EDT" name="runScenario" description="Runs Cucumber Scenarios" data-provider="scenarios" finished-at="2023-07-04T19:24:30 EDT" duration-ms="3314" status="PASS">
          <params>
            <param index="0">
              <value>
                <![CDATA["Check login with invalid credential"]]>
              </value>
            </param>
            <param index="1">
              <value>
                <![CDATA["onlinebanking login feature"]]>
              </value>
            </param>
          </params>
          <reporter-output>
          </reporter-output>
        </test-method> <!-- runScenario -->
        <test-method is-config="true" signature="tearDownClass()[pri:0, instance:com.regrretion.CucumberRunner@ffaa6af]" started-at="2023-07-04T19:24:30 EDT" name="tearDownClass" finished-at="2023-07-04T19:24:31 EDT" duration-ms="1004" status="PASS">
          <reporter-output>
          </reporter-output>
        </test-method> <!-- tearDownClass -->
      </class> <!-- com.regrretion.CucumberRunner -->
    </test> <!-- Test -->
  </suite> <!-- Suite -->
</testng-results>
